<?xml version="1.0" encoding="UTF-8"?>
<!-- Generated by org.testng.reporters.JUnitXMLReporter -->
<testsuite ignored="0" hostname="Xyoss005" failures="0" tests="6" name="Product Page Tests" time="33.323" errors="0" timestamp="2025-01-13T15:53:29 IST">
  <testcase classname="com.testCases.ProductPageTestCases" name="testHomePageLoadSuccessfully" time="4.497"/>
  <testcase classname="com.testCases.ProductPageTestCases" name="testAddToCartButton" time="3.989"/>
  <testcase classname="com.testCases.ProductPageTestCases" name="testSearchFunctionality" time="3.306"/>
  <testcase classname="com.testCases.ProductPageTestCases" name="testCategorySelection" time="9.805"/>
  <testcase classname="com.testCases.ProductPageTestCases" name="testBranSelection" time="5.79"/>
  <testcase classname="com.testCases.ProductPageTestCases" name="productDetailsButton" time="1.748"/>
</testsuite> <!-- Product Page Tests -->
