<?xml version="1.0" encoding="UTF-8"?>
<!-- Generated by org.testng.reporters.JUnitXMLReporter -->
<testsuite ignored="0" hostname="Xyoss005" failures="0" tests="2" name="Registration Page Tests" time="16.5" errors="0" timestamp="2025-01-13T22:36:41 IST">
  <testcase classname="com.testCases.RegistrationTestCase" name="testfillSignupForm" time="5.687"/>
  <testcase classname="com.testCases.RegistrationTestCase" name="testNewUserRegistration" time="7.717"/>
</testsuite> <!-- Registration Page Tests -->
