<?xml version="1.0" encoding="UTF-8"?>
<!-- Generated by org.testng.reporters.JUnitXMLReporter -->
<testsuite ignored="0" hostname="Xyoss005" failures="0" tests="4" name=" Tests" time="5.183" errors="0" timestamp="2025-01-12T12:42:16 IST">
  <testcase classname="com.testCases.CheckDataProviderValue" name="login" time="0.001">
    <skipped/>
  </testcase> <!-- login -->
  <testcase classname="com.testCases.CheckDataProviderValue" name="login" time="0.0">
    <skipped/>
  </testcase> <!-- login -->
  <testcase classname="com.testCases.CheckDataProviderValue" name="login" time="0.0">
    <skipped/>
  </testcase> <!-- login -->
  <testcase classname="com.testCases.CheckDataProviderValue" name="login" time="0.0">
    <skipped/>
  </testcase> <!-- login -->
</testsuite> <!--  Tests -->
