<?xml version="1.0" encoding="UTF-8"?>
<!-- Generated by org.testng.reporters.JUnitXMLReporter -->
<testsuite ignored="0" hostname="Xyoss005" failures="0" tests="6" name="HomePage Tests" time="0.419" errors="0" timestamp="2025-01-10T21:53:49 IST">
  <testcase classname="com.testBase.BaseClass" name="@BeforeClass setUp" time="-1.736526229609E9">
    <failure type="org.testng.TestNGException" message="
Parameter &amp;apos;browser&amp;apos; is required by BeforeClass on method setUp but has not been marked @Optional or defined
in C:\Users\MITHU\Desktop\Projects\Automation\eCommerceAutomation\testng.xml">
      <![CDATA[org.testng.TestNGException: 
Parameter 'browser' is required by BeforeClass on method setUp but has not been marked @Optional or defined
in C:\Users\MITHU\Desktop\Projects\Automation\eCommerceAutomation\testng.xml
at java.base/java.util.ArrayList.forEach(ArrayList.java:1597)
... Removed 22 stack frames]]>
    </failure>
  </testcase> <!-- @BeforeClass setUp -->
  <testcase classname="com.testBase.BaseClass" name="@AfterClass tearDown" time="0.0">
    <skipped/>
  </testcase> <!-- @AfterClass tearDown -->
  <testcase classname="com.testCases.HomePageTestCases" name="testHomePageLoadsSuccessfully" time="0.001">
    <skipped/>
  </testcase> <!-- testHomePageLoadsSuccessfully -->
  <testcase classname="com.testCases.HomePageTestCases" name="testNavigationLinks" time="0.002">
    <skipped/>
  </testcase> <!-- testNavigationLinks -->
  <testcase classname="com.testCases.HomePageTestCases" name="testPageTitle" time="0.001">
    <skipped/>
  </testcase> <!-- testPageTitle -->
  <testcase classname="com.testCases.HomePageTestCases" name="testLogoVisibility" time="0.0">
    <skipped/>
  </testcase> <!-- testLogoVisibility -->
  <testcase classname="com.testCases.HomePageTestCases" name="testCarouselContent" time="0.001">
    <skipped/>
  </testcase> <!-- testCarouselContent -->
  <testcase classname="com.testCases.HomePageTestCases" name="testFooterLinksVisibility" time="0.001">
    <skipped/>
  </testcase> <!-- testFooterLinksVisibility -->
</testsuite> <!-- HomePage Tests -->
