<?xml version="1.0" encoding="UTF-8"?>
<!-- Generated by org.testng.reporters.JUnitXMLReporter -->
<testsuite ignored="0" hostname="Xyoss005" failures="0" tests="2" name="LoginPage Tests" time="21.468" errors="0" timestamp="2025-01-11T22:29:59 IST">
  <testcase classname="com.testCases.LoginTestCases" name="testLoginPageLoadsSuccessfully" time="2.787"/>
  <testcase classname="com.testCases.LoginTestCases" name="testLoginWithValidCredentials" time="13.489"/>
</testsuite> <!-- LoginPage Tests -->
