<?xml version="1.0" encoding="UTF-8"?>
<!-- Generated by org.testng.reporters.JUnitXMLReporter -->
<testsuite ignored="0" hostname="Xyoss005" failures="0" tests="6" name="ProductPage Tests" time="38.331" errors="0" timestamp="2025-01-11T15:17:17 IST">
  <testcase classname="com.testCases.ProductPageTestCases" name="testHomePageLoadSuccessfully" time="4.228"/>
  <testcase classname="com.testCases.ProductPageTestCases" name="testAddToCartButton" time="3.071"/>
  <testcase classname="com.testCases.ProductPageTestCases" name="testSearchFunctionality" time="4.015"/>
  <testcase classname="com.testCases.ProductPageTestCases" name="testCategorySelection" time="12.983"/>
  <testcase classname="com.testCases.ProductPageTestCases" name="testBranSelection" time="7.267"/>
  <testcase classname="com.testCases.ProductPageTestCases" name="productDetailsButton" time="2.743"/>
</testsuite> <!-- ProductPage Tests -->
