<?xml version="1.0" encoding="UTF-8"?>
<!-- Generated by org.testng.reporters.JUnitXMLReporter -->
<testsuite ignored="0" hostname="Xyoss005" failures="0" tests="6" name="ProductPage Tests" time="42.639" errors="0" timestamp="2025-01-13T01:31:28 IST">
  <testcase classname="com.testCases.ProductPageTestCases" name="testHomePageLoadSuccessfully" time="4.541"/>
  <testcase classname="com.testCases.ProductPageTestCases" name="testAddToCartButton" time="3.223"/>
  <testcase classname="com.testCases.ProductPageTestCases" name="testSearchFunctionality" time="4.719"/>
  <testcase classname="com.testCases.ProductPageTestCases" name="testCategorySelection" time="14.837"/>
  <testcase classname="com.testCases.ProductPageTestCases" name="testBranSelection" time="7.912"/>
  <testcase classname="com.testCases.ProductPageTestCases" name="productDetailsButton" time="3.228"/>
</testsuite> <!-- ProductPage Tests -->
