<?xml version="1.0" encoding="UTF-8"?>
<!-- Generated by org.testng.reporters.JUnitXMLReporter -->
<testsuite ignored="0" hostname="Xyoss005" failures="0" tests="2" name="RegistrationPage Tests" time="22.377" errors="0" timestamp="2025-01-12T20:38:55 IST">
  <testcase classname="com.testCases.RegistrationTestCase" name="testfillSignupForm" time="7.431"/>
  <testcase classname="com.testCases.RegistrationTestCase" name="testNewUserRegistration" time="10.206"/>
</testsuite> <!-- RegistrationPage Tests -->
