<?xml version="1.0" encoding="UTF-8"?>
<!-- Generated by org.testng.reporters.JUnitXMLReporter -->
<testsuite ignored="0" hostname="Xyoss005" failures="0" tests="2" name="RegistrationPage Tests" time="18.974" errors="0" timestamp="2025-01-13T01:33:28 IST">
  <testcase classname="com.testCases.RegistrationTestCase" name="testfillSignupForm" time="5.694"/>
  <testcase classname="com.testCases.RegistrationTestCase" name="testNewUserRegistration" time="9.396"/>
</testsuite> <!-- RegistrationPage Tests -->
