<?xml version="1.0" encoding="UTF-8"?>
<!-- Generated by org.testng.reporters.JUnitXMLReporter -->
<testsuite ignored="0" hostname="Xyoss005" failures="7" tests="12" name="Functional Tests" time="2.607" errors="0" timestamp="2025-01-13T16:07:35 IST">
  <testcase classname="com.testCases.ProductPageTestCases" name="testHomePageLoadSuccessfully" time="0.015">
    <failure type="java.lang.NullPointerException" message="Cannot invoke &amp;quot;org.openqa.selenium.WebDriver.get(String)&amp;quot; because &amp;quot;this.driver&amp;quot; is null">
      <![CDATA[java.lang.NullPointerException: Cannot invoke "org.openqa.selenium.WebDriver.get(String)" because "this.driver" is null
at com.testCases.ProductPageTestCases.testHomePageLoadSuccessfully(ProductPageTestCases.java:21)
at java.base/java.util.ArrayList.forEach(ArrayList.java:1597)
... Removed 25 stack frames]]>
    </failure>
  </testcase> <!-- testHomePageLoadSuccessfully -->
  <testcase classname="com.testCases.ProductPageTestCases" name="testAddToCartButton" time="0.008">
    <failure type="java.lang.NullPointerException" message="Cannot invoke &amp;quot;com.pageObject.ProductPage.clickAddToProduct(org.openqa.selenium.WebDriver)&amp;quot; because &amp;quot;this.productPage&amp;quot; is null">
      <![CDATA[java.lang.NullPointerException: Cannot invoke "com.pageObject.ProductPage.clickAddToProduct(org.openqa.selenium.WebDriver)" because "this.productPage" is null
at com.testCases.ProductPageTestCases.testAddToCartButton(ProductPageTestCases.java:29)
at java.base/java.util.ArrayList.forEach(ArrayList.java:1597)
... Removed 25 stack frames]]>
    </failure>
  </testcase> <!-- testAddToCartButton -->
  <testcase classname="com.testCases.ProductPageTestCases" name="testSearchFunctionality" time="0.021">
    <failure type="java.lang.NullPointerException" message="Cannot invoke &amp;quot;com.pageObject.ProductPage.searchProduct(String)&amp;quot; because &amp;quot;this.productPage&amp;quot; is null">
      <![CDATA[java.lang.NullPointerException: Cannot invoke "com.pageObject.ProductPage.searchProduct(String)" because "this.productPage" is null
at com.testCases.ProductPageTestCases.testSearchFunctionality(ProductPageTestCases.java:37)
at java.base/java.util.ArrayList.forEach(ArrayList.java:1597)
... Removed 25 stack frames]]>
    </failure>
  </testcase> <!-- testSearchFunctionality -->
  <testcase classname="com.testCases.ProductPageTestCases" name="testCategorySelection" time="0.021">
    <failure type="java.lang.NullPointerException" message="Cannot invoke &amp;quot;com.pageObject.ProductPage.selectCategory(String)&amp;quot; because &amp;quot;this.productPage&amp;quot; is null">
      <![CDATA[java.lang.NullPointerException: Cannot invoke "com.pageObject.ProductPage.selectCategory(String)" because "this.productPage" is null
at com.testCases.ProductPageTestCases.testCategorySelection(ProductPageTestCases.java:46)
at java.base/java.util.ArrayList.forEach(ArrayList.java:1597)
... Removed 25 stack frames]]>
    </failure>
  </testcase> <!-- testCategorySelection -->
  <testcase classname="com.testCases.ProductPageTestCases" name="testBranSelection" time="0.004">
    <failure type="java.lang.NullPointerException" message="Cannot invoke &amp;quot;com.pageObject.ProductPage.brandOption(String)&amp;quot; because &amp;quot;this.productPage&amp;quot; is null">
      <![CDATA[java.lang.NullPointerException: Cannot invoke "com.pageObject.ProductPage.brandOption(String)" because "this.productPage" is null
at com.testCases.ProductPageTestCases.testBranSelection(ProductPageTestCases.java:65)
at java.base/java.util.ArrayList.forEach(ArrayList.java:1597)
... Removed 25 stack frames]]>
    </failure>
  </testcase> <!-- testBranSelection -->
  <testcase classname="com.testCases.ProductPageTestCases" name="productDetailsButton" time="0.027">
    <failure type="java.lang.NullPointerException" message="Cannot invoke &amp;quot;com.pageObject.ProductPage.viewProduct()&amp;quot; because &amp;quot;this.productPage&amp;quot; is null">
      <![CDATA[java.lang.NullPointerException: Cannot invoke "com.pageObject.ProductPage.viewProduct()" because "this.productPage" is null
at com.testCases.ProductPageTestCases.productDetailsButton(ProductPageTestCases.java:79)
at java.base/java.util.ArrayList.forEach(ArrayList.java:1597)
... Removed 25 stack frames]]>
    </failure>
  </testcase> <!-- productDetailsButton -->
  <testcase classname="com.testCases.CartPageTestCases" name="testLogin" time="2.285">
    <failure type="java.lang.NullPointerException" message="Cannot invoke &amp;quot;org.openqa.selenium.WebDriver.get(String)&amp;quot; because &amp;quot;this.driver&amp;quot; is null">
      <![CDATA[java.lang.NullPointerException: Cannot invoke "org.openqa.selenium.WebDriver.get(String)" because "this.driver" is null
at com.testCases.CartPageTestCases.testLogin(CartPageTestCases.java:27)
at java.base/java.util.ArrayList.forEach(ArrayList.java:1597)
... Removed 25 stack frames]]>
    </failure>
  </testcase> <!-- testLogin -->
  <testcase classname="com.testCases.CartPageTestCases" name="testAddProductsToCart" time="0.001">
    <skipped/>
  </testcase> <!-- testAddProductsToCart -->
  <testcase classname="com.testCases.CartPageTestCases" name="testUpdateQuantity" time="0.001">
    <skipped/>
  </testcase> <!-- testUpdateQuantity -->
  <testcase classname="com.testCases.CartPageTestCases" name="testProceedToCheckout" time="0.001">
    <skipped/>
  </testcase> <!-- testProceedToCheckout -->
  <testcase classname="com.testCases.CartPageTestCases" name="testPlaceOrder" time="0.0">
    <skipped/>
  </testcase> <!-- testPlaceOrder -->
  <testcase classname="com.testCases.CartPageTestCases" name="testDownloadInvoice" time="0.001">
    <skipped/>
  </testcase> <!-- testDownloadInvoice -->
</testsuite> <!-- Functional Tests -->
