<?xml version="1.0" encoding="UTF-8"?>
<!-- Generated by org.testng.reporters.JUnitXMLReporter -->
<testsuite ignored="0" hostname="Xyoss005" failures="20" tests="26" name="Regression Tests" time="0.704" errors="0" timestamp="2025-01-13T16:07:36 IST">
  <testcase classname="com.testCases.HomePageTestCases" name="testHomePageLoadsSuccessfully" time="0.002">
    <failure type="java.lang.NullPointerException" message="Cannot invoke &amp;quot;org.openqa.selenium.WebDriver.get(String)&amp;quot; because &amp;quot;this.driver&amp;quot; is null">
      <![CDATA[java.lang.NullPointerException: Cannot invoke "org.openqa.selenium.WebDriver.get(String)" because "this.driver" is null
at com.testCases.HomePageTestCases.testHomePageLoadsSuccessfully(HomePageTestCases.java:15)
at java.base/java.util.ArrayList.forEach(ArrayList.java:1597)
... Removed 25 stack frames]]>
    </failure>
  </testcase> <!-- testHomePageLoadsSuccessfully -->
  <testcase classname="com.testCases.HomePageTestCases" name="testNavigationLinks" time="0.008">
    <failure type="java.lang.NullPointerException" message="Cannot invoke &amp;quot;com.pageObject.HomePage.clickProducts(org.openqa.selenium.WebDriver)&amp;quot; because &amp;quot;this.homePage&amp;quot; is null">
      <![CDATA[java.lang.NullPointerException: Cannot invoke "com.pageObject.HomePage.clickProducts(org.openqa.selenium.WebDriver)" because "this.homePage" is null
at com.testCases.HomePageTestCases.testNavigationLinks(HomePageTestCases.java:24)
at java.base/java.util.ArrayList.forEach(ArrayList.java:1597)
... Removed 25 stack frames]]>
    </failure>
  </testcase> <!-- testNavigationLinks -->
  <testcase classname="com.testCases.HomePageTestCases" name="testPageTitle" time="0.003">
    <failure type="java.lang.NullPointerException" message="Cannot invoke &amp;quot;com.pageObject.HomePage.getPageTitle(org.openqa.selenium.WebDriver)&amp;quot; because &amp;quot;this.homePage&amp;quot; is null">
      <![CDATA[java.lang.NullPointerException: Cannot invoke "com.pageObject.HomePage.getPageTitle(org.openqa.selenium.WebDriver)" because "this.homePage" is null
at com.testCases.HomePageTestCases.testPageTitle(HomePageTestCases.java:44)
at java.base/java.util.ArrayList.forEach(ArrayList.java:1597)
... Removed 25 stack frames]]>
    </failure>
  </testcase> <!-- testPageTitle -->
  <testcase classname="com.testCases.HomePageTestCases" name="testLogoVisibility" time="0.002">
    <failure type="java.lang.NullPointerException" message="Cannot invoke &amp;quot;com.pageObject.HomePage.isLogoVisible(org.openqa.selenium.WebDriver)&amp;quot; because &amp;quot;this.homePage&amp;quot; is null">
      <![CDATA[java.lang.NullPointerException: Cannot invoke "com.pageObject.HomePage.isLogoVisible(org.openqa.selenium.WebDriver)" because "this.homePage" is null
at com.testCases.HomePageTestCases.testLogoVisibility(HomePageTestCases.java:50)
at java.base/java.util.ArrayList.forEach(ArrayList.java:1597)
... Removed 25 stack frames]]>
    </failure>
  </testcase> <!-- testLogoVisibility -->
  <testcase classname="com.testCases.HomePageTestCases" name="testCarouselContent" time="0.003">
    <failure type="java.lang.NullPointerException" message="Cannot invoke &amp;quot;com.pageObject.HomePage.isCarouselContentChanging(org.openqa.selenium.WebDriver)&amp;quot; because &amp;quot;this.homePage&amp;quot; is null">
      <![CDATA[java.lang.NullPointerException: Cannot invoke "com.pageObject.HomePage.isCarouselContentChanging(org.openqa.selenium.WebDriver)" because "this.homePage" is null
at com.testCases.HomePageTestCases.testCarouselContent(HomePageTestCases.java:55)
at java.base/java.util.ArrayList.forEach(ArrayList.java:1597)
... Removed 25 stack frames]]>
    </failure>
  </testcase> <!-- testCarouselContent -->
  <testcase classname="com.testCases.HomePageTestCases" name="testFooterLinksVisibility" time="0.002">
    <failure type="java.lang.NullPointerException" message="Cannot invoke &amp;quot;com.pageObject.HomePage.areFooterLinksVisible(org.openqa.selenium.WebDriver)&amp;quot; because &amp;quot;this.homePage&amp;quot; is null">
      <![CDATA[java.lang.NullPointerException: Cannot invoke "com.pageObject.HomePage.areFooterLinksVisible(org.openqa.selenium.WebDriver)" because "this.homePage" is null
at com.testCases.HomePageTestCases.testFooterLinksVisibility(HomePageTestCases.java:60)
at java.base/java.util.ArrayList.forEach(ArrayList.java:1597)
... Removed 25 stack frames]]>
    </failure>
  </testcase> <!-- testFooterLinksVisibility -->
  <testcase classname="com.testCases.ProductPageTestCases" name="testHomePageLoadSuccessfully" time="0.003">
    <failure type="java.lang.NullPointerException" message="Cannot invoke &amp;quot;org.openqa.selenium.WebDriver.get(String)&amp;quot; because &amp;quot;this.driver&amp;quot; is null">
      <![CDATA[java.lang.NullPointerException: Cannot invoke "org.openqa.selenium.WebDriver.get(String)" because "this.driver" is null
at com.testCases.ProductPageTestCases.testHomePageLoadSuccessfully(ProductPageTestCases.java:21)
at java.base/java.util.ArrayList.forEach(ArrayList.java:1597)
... Removed 25 stack frames]]>
    </failure>
  </testcase> <!-- testHomePageLoadSuccessfully -->
  <testcase classname="com.testCases.ProductPageTestCases" name="testAddToCartButton" time="0.003">
    <failure type="java.lang.NullPointerException" message="Cannot invoke &amp;quot;com.pageObject.ProductPage.clickAddToProduct(org.openqa.selenium.WebDriver)&amp;quot; because &amp;quot;this.productPage&amp;quot; is null">
      <![CDATA[java.lang.NullPointerException: Cannot invoke "com.pageObject.ProductPage.clickAddToProduct(org.openqa.selenium.WebDriver)" because "this.productPage" is null
at com.testCases.ProductPageTestCases.testAddToCartButton(ProductPageTestCases.java:29)
at java.base/java.util.ArrayList.forEach(ArrayList.java:1597)
... Removed 25 stack frames]]>
    </failure>
  </testcase> <!-- testAddToCartButton -->
  <testcase classname="com.testCases.ProductPageTestCases" name="testSearchFunctionality" time="0.004">
    <failure type="java.lang.NullPointerException" message="Cannot invoke &amp;quot;com.pageObject.ProductPage.searchProduct(String)&amp;quot; because &amp;quot;this.productPage&amp;quot; is null">
      <![CDATA[java.lang.NullPointerException: Cannot invoke "com.pageObject.ProductPage.searchProduct(String)" because "this.productPage" is null
at com.testCases.ProductPageTestCases.testSearchFunctionality(ProductPageTestCases.java:37)
at java.base/java.util.ArrayList.forEach(ArrayList.java:1597)
... Removed 25 stack frames]]>
    </failure>
  </testcase> <!-- testSearchFunctionality -->
  <testcase classname="com.testCases.ProductPageTestCases" name="testCategorySelection" time="0.003">
    <failure type="java.lang.NullPointerException" message="Cannot invoke &amp;quot;com.pageObject.ProductPage.selectCategory(String)&amp;quot; because &amp;quot;this.productPage&amp;quot; is null">
      <![CDATA[java.lang.NullPointerException: Cannot invoke "com.pageObject.ProductPage.selectCategory(String)" because "this.productPage" is null
at com.testCases.ProductPageTestCases.testCategorySelection(ProductPageTestCases.java:46)
at java.base/java.util.ArrayList.forEach(ArrayList.java:1597)
... Removed 25 stack frames]]>
    </failure>
  </testcase> <!-- testCategorySelection -->
  <testcase classname="com.testCases.ProductPageTestCases" name="testBranSelection" time="0.003">
    <failure type="java.lang.NullPointerException" message="Cannot invoke &amp;quot;com.pageObject.ProductPage.brandOption(String)&amp;quot; because &amp;quot;this.productPage&amp;quot; is null">
      <![CDATA[java.lang.NullPointerException: Cannot invoke "com.pageObject.ProductPage.brandOption(String)" because "this.productPage" is null
at com.testCases.ProductPageTestCases.testBranSelection(ProductPageTestCases.java:65)
at java.base/java.util.ArrayList.forEach(ArrayList.java:1597)
... Removed 25 stack frames]]>
    </failure>
  </testcase> <!-- testBranSelection -->
  <testcase classname="com.testCases.ProductPageTestCases" name="productDetailsButton" time="0.005">
    <failure type="java.lang.NullPointerException" message="Cannot invoke &amp;quot;com.pageObject.ProductPage.viewProduct()&amp;quot; because &amp;quot;this.productPage&amp;quot; is null">
      <![CDATA[java.lang.NullPointerException: Cannot invoke "com.pageObject.ProductPage.viewProduct()" because "this.productPage" is null
at com.testCases.ProductPageTestCases.productDetailsButton(ProductPageTestCases.java:79)
at java.base/java.util.ArrayList.forEach(ArrayList.java:1597)
... Removed 25 stack frames]]>
    </failure>
  </testcase> <!-- productDetailsButton -->
  <testcase classname="com.testCases.contactPageTestCases" name="testContactUsPageLoadsSuccessfully" time="0.002">
    <failure type="java.lang.NullPointerException" message="Cannot invoke &amp;quot;org.openqa.selenium.WebDriver.get(String)&amp;quot; because &amp;quot;this.driver&amp;quot; is null">
      <![CDATA[java.lang.NullPointerException: Cannot invoke "org.openqa.selenium.WebDriver.get(String)" because "this.driver" is null
at com.testCases.contactPageTestCases.testContactUsPageLoadsSuccessfully(contactPageTestCases.java:20)
at java.base/java.util.ArrayList.forEach(ArrayList.java:1597)
... Removed 25 stack frames]]>
    </failure>
  </testcase> <!-- testContactUsPageLoadsSuccessfully -->
  <testcase classname="com.testCases.contactPageTestCases" name="testFormSubmissionWithValidData" time="0.006">
    <failure type="java.lang.NullPointerException" message="Cannot invoke &amp;quot;com.pageObject.ContactPage.submitForm(String)&amp;quot; because &amp;quot;this.contactPage&amp;quot; is null">
      <![CDATA[java.lang.NullPointerException: Cannot invoke "com.pageObject.ContactPage.submitForm(String)" because "this.contactPage" is null
at com.testCases.contactPageTestCases.testFormSubmissionWithValidData(contactPageTestCases.java:28)
at java.base/java.util.ArrayList.forEach(ArrayList.java:1597)
... Removed 25 stack frames]]>
    </failure>
  </testcase> <!-- testFormSubmissionWithValidData -->
  <testcase classname="com.testCases.contactPageTestCases" name="testFormSubmissionWithMissingEmail" time="0.003">
    <failure type="java.lang.NullPointerException" message="Cannot invoke &amp;quot;org.openqa.selenium.WebDriver.get(String)&amp;quot; because &amp;quot;this.driver&amp;quot; is null">
      <![CDATA[java.lang.NullPointerException: Cannot invoke "org.openqa.selenium.WebDriver.get(String)" because "this.driver" is null
at com.testCases.contactPageTestCases.testFormSubmissionWithMissingEmail(contactPageTestCases.java:37)
at java.base/java.util.ArrayList.forEach(ArrayList.java:1597)
... Removed 25 stack frames]]>
    </failure>
  </testcase> <!-- testFormSubmissionWithMissingEmail -->
  <testcase classname="com.testCases.CartPageTestCases" name="testLogin" time="0.17">
    <failure type="java.lang.NullPointerException" message="Cannot invoke &amp;quot;org.openqa.selenium.WebDriver.get(String)&amp;quot; because &amp;quot;this.driver&amp;quot; is null">
      <![CDATA[java.lang.NullPointerException: Cannot invoke "org.openqa.selenium.WebDriver.get(String)" because "this.driver" is null
at com.testCases.CartPageTestCases.testLogin(CartPageTestCases.java:27)
at java.base/java.util.ArrayList.forEach(ArrayList.java:1597)
... Removed 25 stack frames]]>
    </failure>
  </testcase> <!-- testLogin -->
  <testcase classname="com.testCases.CartPageTestCases" name="testAddProductsToCart" time="0.0">
    <skipped/>
  </testcase> <!-- testAddProductsToCart -->
  <testcase classname="com.testCases.CartPageTestCases" name="testUpdateQuantity" time="0.006">
    <skipped/>
  </testcase> <!-- testUpdateQuantity -->
  <testcase classname="com.testCases.CartPageTestCases" name="testProceedToCheckout" time="0.001">
    <skipped/>
  </testcase> <!-- testProceedToCheckout -->
  <testcase classname="com.testCases.CartPageTestCases" name="testPlaceOrder" time="0.0">
    <skipped/>
  </testcase> <!-- testPlaceOrder -->
  <testcase classname="com.testCases.CartPageTestCases" name="testDownloadInvoice" time="0.001">
    <skipped/>
  </testcase> <!-- testDownloadInvoice -->
  <testcase classname="com.testCases.LoginTestCases" name="testLoginPageLoadsSuccessfully" time="0.003">
    <failure type="java.lang.NullPointerException" message="Cannot invoke &amp;quot;org.openqa.selenium.WebDriver.get(String)&amp;quot; because &amp;quot;this.driver&amp;quot; is null">
      <![CDATA[java.lang.NullPointerException: Cannot invoke "org.openqa.selenium.WebDriver.get(String)" because "this.driver" is null
at com.testCases.LoginTestCases.testLoginPageLoadsSuccessfully(LoginTestCases.java:21)
at java.base/java.util.ArrayList.forEach(ArrayList.java:1597)
... Removed 25 stack frames]]>
    </failure>
  </testcase> <!-- testLoginPageLoadsSuccessfully -->
  <testcase classname="com.testCases.LoginTestCases" name="testLoginWithValidCredentials" time="0.0">
    <skipped/>
  </testcase> <!-- testLoginWithValidCredentials -->
  <testcase classname="com.testCases.RegistrationTestCase" name="testfillSignupForm" time="0.002">
    <failure type="java.lang.NullPointerException" message="Cannot invoke &amp;quot;org.openqa.selenium.WebDriver.get(String)&amp;quot; because &amp;quot;this.driver&amp;quot; is null">
      <![CDATA[java.lang.NullPointerException: Cannot invoke "org.openqa.selenium.WebDriver.get(String)" because "this.driver" is null
at com.testCases.RegistrationTestCase.testfillSignupForm(RegistrationTestCase.java:21)
at java.base/java.util.ArrayList.forEach(ArrayList.java:1597)
... Removed 25 stack frames]]>
    </failure>
  </testcase> <!-- testfillSignupForm -->
  <testcase classname="com.testCases.RegistrationTestCase" name="testNewUserRegistration" time="0.001">
    <failure type="java.lang.NullPointerException" message="Cannot invoke &amp;quot;com.pageObject.RegistrationPage.fillAccountInformation()&amp;quot; because &amp;quot;this.registrationPage&amp;quot; is null">
      <![CDATA[java.lang.NullPointerException: Cannot invoke "com.pageObject.RegistrationPage.fillAccountInformation()" because "this.registrationPage" is null
at com.testCases.RegistrationTestCase.testNewUserRegistration(RegistrationTestCase.java:32)
at java.base/java.util.ArrayList.forEach(ArrayList.java:1597)
... Removed 25 stack frames]]>
    </failure>
  </testcase> <!-- testNewUserRegistration -->
  <testcase classname="com.testCases.LogoutTestCase" name="testLoginAndLogout" time="0.178">
    <failure type="java.lang.NullPointerException" message="Cannot invoke &amp;quot;org.openqa.selenium.WebDriver.get(String)&amp;quot; because &amp;quot;this.driver&amp;quot; is null">
      <![CDATA[java.lang.NullPointerException: Cannot invoke "org.openqa.selenium.WebDriver.get(String)" because "this.driver" is null
at com.testCases.LogoutTestCase.testLoginAndLogout(LogoutTestCase.java:31)
at java.base/java.util.ArrayList.forEach(ArrayList.java:1597)
... Removed 25 stack frames]]>
    </failure>
  </testcase> <!-- testLoginAndLogout -->
</testsuite> <!-- Regression Tests -->
