<?xml version="1.0" encoding="UTF-8"?>
<!-- Generated by org.testng.reporters.JUnitXMLReporter -->
<testsuite ignored="0" hostname="Xyoss005" failures="3" tests="3" name="Sanity Tests" time="0.29" errors="0" timestamp="2025-01-13T16:07:35 IST">
  <testcase classname="com.testCases.RegistrationTestCase" name="testfillSignupForm" time="0.006">
    <failure type="java.lang.NullPointerException" message="Cannot invoke &amp;quot;org.openqa.selenium.WebDriver.get(String)&amp;quot; because &amp;quot;this.driver&amp;quot; is null">
      <![CDATA[java.lang.NullPointerException: Cannot invoke "org.openqa.selenium.WebDriver.get(String)" because "this.driver" is null
at com.testCases.RegistrationTestCase.testfillSignupForm(RegistrationTestCase.java:21)
at java.base/java.util.ArrayList.forEach(ArrayList.java:1597)
... Removed 25 stack frames]]>
    </failure>
  </testcase> <!-- testfillSignupForm -->
  <testcase classname="com.testCases.RegistrationTestCase" name="testNewUserRegistration" time="0.024">
    <failure type="java.lang.NullPointerException" message="Cannot invoke &amp;quot;com.pageObject.RegistrationPage.fillAccountInformation()&amp;quot; because &amp;quot;this.registrationPage&amp;quot; is null">
      <![CDATA[java.lang.NullPointerException: Cannot invoke "com.pageObject.RegistrationPage.fillAccountInformation()" because "this.registrationPage" is null
at com.testCases.RegistrationTestCase.testNewUserRegistration(RegistrationTestCase.java:32)
at java.base/java.util.ArrayList.forEach(ArrayList.java:1597)
... Removed 25 stack frames]]>
    </failure>
  </testcase> <!-- testNewUserRegistration -->
  <testcase classname="com.testCases.LogoutTestCase" name="testLoginAndLogout" time="0.206">
    <failure type="java.lang.NullPointerException" message="Cannot invoke &amp;quot;org.openqa.selenium.WebDriver.get(String)&amp;quot; because &amp;quot;this.driver&amp;quot; is null">
      <![CDATA[java.lang.NullPointerException: Cannot invoke "org.openqa.selenium.WebDriver.get(String)" because "this.driver" is null
at com.testCases.LogoutTestCase.testLoginAndLogout(LogoutTestCase.java:31)
at java.base/java.util.ArrayList.forEach(ArrayList.java:1597)
... Removed 25 stack frames]]>
    </failure>
  </testcase> <!-- testLoginAndLogout -->
</testsuite> <!-- Sanity Tests -->
