<?xml version="1.0" encoding="UTF-8"?>
<!-- Generated by org.testng.reporters.JUnitXMLReporter -->
<testsuite ignored="0" hostname="Xyoss005" failures="10" tests="11" name="Smoke Tests" time="1.473" errors="0" timestamp="2025-01-13T16:07:32 IST">
  <testcase classname="com.testCases.HomePageTestCases" name="testHomePageLoadsSuccessfully" time="0.027">
    <failure type="java.lang.NullPointerException" message="Cannot invoke &amp;quot;org.openqa.selenium.WebDriver.get(String)&amp;quot; because &amp;quot;this.driver&amp;quot; is null">
      <![CDATA[java.lang.NullPointerException: Cannot invoke "org.openqa.selenium.WebDriver.get(String)" because "this.driver" is null
at com.testCases.HomePageTestCases.testHomePageLoadsSuccessfully(HomePageTestCases.java:15)
at java.base/java.util.ArrayList.forEach(ArrayList.java:1597)
... Removed 25 stack frames]]>
    </failure>
  </testcase> <!-- testHomePageLoadsSuccessfully -->
  <testcase classname="com.testCases.HomePageTestCases" name="testNavigationLinks" time="0.014">
    <failure type="java.lang.NullPointerException" message="Cannot invoke &amp;quot;com.pageObject.HomePage.clickProducts(org.openqa.selenium.WebDriver)&amp;quot; because &amp;quot;this.homePage&amp;quot; is null">
      <![CDATA[java.lang.NullPointerException: Cannot invoke "com.pageObject.HomePage.clickProducts(org.openqa.selenium.WebDriver)" because "this.homePage" is null
at com.testCases.HomePageTestCases.testNavigationLinks(HomePageTestCases.java:24)
at java.base/java.util.ArrayList.forEach(ArrayList.java:1597)
... Removed 25 stack frames]]>
    </failure>
  </testcase> <!-- testNavigationLinks -->
  <testcase classname="com.testCases.HomePageTestCases" name="testPageTitle" time="0.009">
    <failure type="java.lang.NullPointerException" message="Cannot invoke &amp;quot;com.pageObject.HomePage.getPageTitle(org.openqa.selenium.WebDriver)&amp;quot; because &amp;quot;this.homePage&amp;quot; is null">
      <![CDATA[java.lang.NullPointerException: Cannot invoke "com.pageObject.HomePage.getPageTitle(org.openqa.selenium.WebDriver)" because "this.homePage" is null
at com.testCases.HomePageTestCases.testPageTitle(HomePageTestCases.java:44)
at java.base/java.util.ArrayList.forEach(ArrayList.java:1597)
... Removed 25 stack frames]]>
    </failure>
  </testcase> <!-- testPageTitle -->
  <testcase classname="com.testCases.HomePageTestCases" name="testLogoVisibility" time="0.01">
    <failure type="java.lang.NullPointerException" message="Cannot invoke &amp;quot;com.pageObject.HomePage.isLogoVisible(org.openqa.selenium.WebDriver)&amp;quot; because &amp;quot;this.homePage&amp;quot; is null">
      <![CDATA[java.lang.NullPointerException: Cannot invoke "com.pageObject.HomePage.isLogoVisible(org.openqa.selenium.WebDriver)" because "this.homePage" is null
at com.testCases.HomePageTestCases.testLogoVisibility(HomePageTestCases.java:50)
at java.base/java.util.ArrayList.forEach(ArrayList.java:1597)
... Removed 25 stack frames]]>
    </failure>
  </testcase> <!-- testLogoVisibility -->
  <testcase classname="com.testCases.HomePageTestCases" name="testCarouselContent" time="0.027">
    <failure type="java.lang.NullPointerException" message="Cannot invoke &amp;quot;com.pageObject.HomePage.isCarouselContentChanging(org.openqa.selenium.WebDriver)&amp;quot; because &amp;quot;this.homePage&amp;quot; is null">
      <![CDATA[java.lang.NullPointerException: Cannot invoke "com.pageObject.HomePage.isCarouselContentChanging(org.openqa.selenium.WebDriver)" because "this.homePage" is null
at com.testCases.HomePageTestCases.testCarouselContent(HomePageTestCases.java:55)
at java.base/java.util.ArrayList.forEach(ArrayList.java:1597)
... Removed 25 stack frames]]>
    </failure>
  </testcase> <!-- testCarouselContent -->
  <testcase classname="com.testCases.HomePageTestCases" name="testFooterLinksVisibility" time="0.02">
    <failure type="java.lang.NullPointerException" message="Cannot invoke &amp;quot;com.pageObject.HomePage.areFooterLinksVisible(org.openqa.selenium.WebDriver)&amp;quot; because &amp;quot;this.homePage&amp;quot; is null">
      <![CDATA[java.lang.NullPointerException: Cannot invoke "com.pageObject.HomePage.areFooterLinksVisible(org.openqa.selenium.WebDriver)" because "this.homePage" is null
at com.testCases.HomePageTestCases.testFooterLinksVisibility(HomePageTestCases.java:60)
at java.base/java.util.ArrayList.forEach(ArrayList.java:1597)
... Removed 25 stack frames]]>
    </failure>
  </testcase> <!-- testFooterLinksVisibility -->
  <testcase classname="com.testCases.LoginTestCases" name="testLoginPageLoadsSuccessfully" time="0.01">
    <failure type="java.lang.NullPointerException" message="Cannot invoke &amp;quot;org.openqa.selenium.WebDriver.get(String)&amp;quot; because &amp;quot;this.driver&amp;quot; is null">
      <![CDATA[java.lang.NullPointerException: Cannot invoke "org.openqa.selenium.WebDriver.get(String)" because "this.driver" is null
at com.testCases.LoginTestCases.testLoginPageLoadsSuccessfully(LoginTestCases.java:21)
at java.base/java.util.ArrayList.forEach(ArrayList.java:1597)
... Removed 25 stack frames]]>
    </failure>
  </testcase> <!-- testLoginPageLoadsSuccessfully -->
  <testcase classname="com.testCases.LoginTestCases" name="testLoginWithValidCredentials" time="0.001">
    <skipped/>
  </testcase> <!-- testLoginWithValidCredentials -->
  <testcase classname="com.testCases.contactPageTestCases" name="testContactUsPageLoadsSuccessfully" time="0.005">
    <failure type="java.lang.NullPointerException" message="Cannot invoke &amp;quot;org.openqa.selenium.WebDriver.get(String)&amp;quot; because &amp;quot;this.driver&amp;quot; is null">
      <![CDATA[java.lang.NullPointerException: Cannot invoke "org.openqa.selenium.WebDriver.get(String)" because "this.driver" is null
at com.testCases.contactPageTestCases.testContactUsPageLoadsSuccessfully(contactPageTestCases.java:20)
at java.base/java.util.ArrayList.forEach(ArrayList.java:1597)
... Removed 25 stack frames]]>
    </failure>
  </testcase> <!-- testContactUsPageLoadsSuccessfully -->
  <testcase classname="com.testCases.contactPageTestCases" name="testFormSubmissionWithValidData" time="0.007">
    <failure type="java.lang.NullPointerException" message="Cannot invoke &amp;quot;com.pageObject.ContactPage.submitForm(String)&amp;quot; because &amp;quot;this.contactPage&amp;quot; is null">
      <![CDATA[java.lang.NullPointerException: Cannot invoke "com.pageObject.ContactPage.submitForm(String)" because "this.contactPage" is null
at com.testCases.contactPageTestCases.testFormSubmissionWithValidData(contactPageTestCases.java:28)
at java.base/java.util.ArrayList.forEach(ArrayList.java:1597)
... Removed 25 stack frames]]>
    </failure>
  </testcase> <!-- testFormSubmissionWithValidData -->
  <testcase classname="com.testCases.contactPageTestCases" name="testFormSubmissionWithMissingEmail" time="0.005">
    <failure type="java.lang.NullPointerException" message="Cannot invoke &amp;quot;org.openqa.selenium.WebDriver.get(String)&amp;quot; because &amp;quot;this.driver&amp;quot; is null">
      <![CDATA[java.lang.NullPointerException: Cannot invoke "org.openqa.selenium.WebDriver.get(String)" because "this.driver" is null
at com.testCases.contactPageTestCases.testFormSubmissionWithMissingEmail(contactPageTestCases.java:37)
at java.base/java.util.ArrayList.forEach(ArrayList.java:1597)
... Removed 25 stack frames]]>
    </failure>
  </testcase> <!-- testFormSubmissionWithMissingEmail -->
</testsuite> <!-- Smoke Tests -->
