<?xml version="1.0" encoding="UTF-8"?>
<testng-results ignored="0" total="6" passed="6" failed="0" skipped="0">
  <reporter-output>
  </reporter-output>
  <suite started-at="2025-01-11T15:07:44 IST" name="Suite" finished-at="2025-01-11T15:08:27 IST" duration-ms="43228">
    <groups>
    </groups>
    <test started-at="2025-01-11T15:07:44 IST" name="ProductPage Tests" finished-at="2025-01-11T15:08:27 IST" duration-ms="43228">
      <class name="com.testCases.ProductPageTestCases">
        <test-method is-config="true" signature="setUp(java.lang.String)[pri:0, instance:com.testCases.ProductPageTestCases@7dc0f706]" started-at="2025-01-11T15:07:44 IST" name="setUp" finished-at="2025-01-11T15:07:53 IST" duration-ms="9025" status="PASS">
          <params>
            <param index="0">
              <value>
                <![CDATA[chrome]]>
              </value>
            </param>
          </params>
          <reporter-output>
          </reporter-output>
        </test-method> <!-- setUp -->
        <test-method is-config="true" signature="setupPageObject()[pri:0, instance:com.testCases.ProductPageTestCases@7dc0f706]" started-at="2025-01-11T15:07:53 IST" name="setupPageObject" finished-at="2025-01-11T15:07:53 IST" duration-ms="218" status="PASS">
          <reporter-output>
          </reporter-output>
        </test-method> <!-- setupPageObject -->
        <test-method signature="testHomePageLoadSuccessfully(java.lang.String)[pri:1, instance:com.testCases.ProductPageTestCases@7dc0f706]" started-at="2025-01-11T15:07:53 IST" name="testHomePageLoadSuccessfully" description="Verify that the product page loads successfully" finished-at="2025-01-11T15:07:58 IST" duration-ms="4557" status="PASS">
          <params>
            <param index="0">
              <value>
                <![CDATA[https://automationexercise.com/products]]>
              </value>
            </param>
          </params>
          <reporter-output>
          </reporter-output>
        </test-method> <!-- testHomePageLoadSuccessfully -->
        <test-method signature="testAddToCartButton()[pri:2, instance:com.testCases.ProductPageTestCases@7dc0f706]" started-at="2025-01-11T15:07:58 IST" name="testAddToCartButton" description="Validate that navigation links redirect to the correct pages" finished-at="2025-01-11T15:08:01 IST" duration-ms="3358" status="PASS">
          <reporter-output>
          </reporter-output>
        </test-method> <!-- testAddToCartButton -->
        <test-method signature="testSearchFunctionality()[pri:3, instance:com.testCases.ProductPageTestCases@7dc0f706]" started-at="2025-01-11T15:08:01 IST" name="testSearchFunctionality" description="Test the search functionality on the product page" finished-at="2025-01-11T15:08:05 IST" duration-ms="4113" status="PASS">
          <reporter-output>
          </reporter-output>
        </test-method> <!-- testSearchFunctionality -->
        <test-method signature="testCategorySelection()[pri:4, instance:com.testCases.ProductPageTestCases@7dc0f706]" started-at="2025-01-11T15:08:05 IST" name="testCategorySelection" description="Validate that category option (WOMEN, MEN, KIDS) works correctly" finished-at="2025-01-11T15:08:17 IST" duration-ms="11319" status="PASS">
          <reporter-output>
          </reporter-output>
        </test-method> <!-- testCategorySelection -->
        <test-method signature="testBranSelection()[pri:5, instance:com.testCases.ProductPageTestCases@7dc0f706]" started-at="2025-01-11T15:08:17 IST" name="testBranSelection" description="Validate that brand option (Polo, H&amp;M, Biba) works correctly" finished-at="2025-01-11T15:08:23 IST" duration-ms="6841" status="PASS">
          <reporter-output>
          </reporter-output>
        </test-method> <!-- testBranSelection -->
        <test-method signature="productDetailsButton()[pri:6, instance:com.testCases.ProductPageTestCases@7dc0f706]" started-at="2025-01-11T15:08:23 IST" name="productDetailsButton" description="Validate that product details page works correctly" finished-at="2025-01-11T15:08:26 IST" duration-ms="2399" status="PASS">
          <reporter-output>
          </reporter-output>
        </test-method> <!-- productDetailsButton -->
        <test-method is-config="true" signature="tearDown()[pri:0, instance:com.testCases.ProductPageTestCases@7dc0f706]" started-at="2025-01-11T15:08:26 IST" name="tearDown" finished-at="2025-01-11T15:08:27 IST" duration-ms="1059" status="PASS">
          <reporter-output>
          </reporter-output>
        </test-method> <!-- tearDown -->
      </class> <!-- com.testCases.ProductPageTestCases -->
    </test> <!-- ProductPage Tests -->
  </suite> <!-- Suite -->
</testng-results>
