<?xml version="1.0" encoding="UTF-8"?>
<testng-results ignored="0" total="2" passed="2" failed="0" skipped="0">
  <reporter-output>
  </reporter-output>
  <suite started-at="2025-01-11T00:39:42 IST" name="Suite" finished-at="2025-01-11T00:40:49 IST" duration-ms="67355">
    <groups>
    </groups>
    <test started-at="2025-01-11T00:39:42 IST" name="ProductPage Tests" finished-at="2025-01-11T00:40:49 IST" duration-ms="67355">
      <class name="com.testCases.ProductPageTestCases">
        <test-method is-config="true" signature="setUp(java.lang.String)[pri:0, instance:com.testCases.ProductPageTestCases@69453e37]" started-at="2025-01-11T00:39:42 IST" name="setUp" finished-at="2025-01-11T00:39:54 IST" duration-ms="11771" status="PASS">
          <params>
            <param index="0">
              <value>
                <![CDATA[chrome]]>
              </value>
            </param>
          </params>
          <reporter-output>
          </reporter-output>
        </test-method> <!-- setUp -->
        <test-method is-config="true" signature="setupPageObject()[pri:0, instance:com.testCases.ProductPageTestCases@69453e37]" started-at="2025-01-11T00:39:54 IST" name="setupPageObject" finished-at="2025-01-11T00:39:54 IST" duration-ms="393" status="PASS">
          <reporter-output>
          </reporter-output>
        </test-method> <!-- setupPageObject -->
        <test-method signature="testHomePageLoadSuccessfully(java.lang.String)[pri:1, instance:com.testCases.ProductPageTestCases@69453e37]" started-at="2025-01-11T00:39:55 IST" name="testHomePageLoadSuccessfully" description="Verify that the product page loads successfully" finished-at="2025-01-11T00:40:32 IST" duration-ms="37212" status="PASS">
          <params>
            <param index="0">
              <value>
                <![CDATA[https://automationexercise.com/products]]>
              </value>
            </param>
          </params>
          <reporter-output>
          </reporter-output>
        </test-method> <!-- testHomePageLoadSuccessfully -->
        <test-method signature="testAddToCartButton()[pri:2, instance:com.testCases.ProductPageTestCases@69453e37]" started-at="2025-01-11T00:40:32 IST" name="testAddToCartButton" description="Validate that navigation links redirect to the correct pages" finished-at="2025-01-11T00:40:44 IST" duration-ms="12128" status="PASS">
          <reporter-output>
          </reporter-output>
        </test-method> <!-- testAddToCartButton -->
        <test-method is-config="true" signature="tearDown()[pri:0, instance:com.testCases.ProductPageTestCases@69453e37]" started-at="2025-01-11T00:40:44 IST" name="tearDown" finished-at="2025-01-11T00:40:49 IST" duration-ms="5249" status="PASS">
          <reporter-output>
          </reporter-output>
        </test-method> <!-- tearDown -->
      </class> <!-- com.testCases.ProductPageTestCases -->
    </test> <!-- ProductPage Tests -->
  </suite> <!-- Suite -->
</testng-results>
